<?xml version="1.0" encoding="UTF-8" ?>
<testsuite failures="0" time="0.017" errors="0" skipped="0" tests="1" name="com.alipay.middleware.reactor.AppTest">
  <properties>
    <property name="java.runtime.name" value="Java(TM) SE Runtime Environment"/>
    <property name="sun.boot.library.path" value="C:\Program Files (x86)\Java\jdk1.6.0_29\jre\bin"/>
    <property name="java.vm.version" value="20.4-b02"/>
    <property name="java.vm.vendor" value="Sun Microsystems Inc."/>
    <property name="java.vendor.url" value="http://java.sun.com/"/>
    <property name="path.separator" value=";"/>
    <property name="java.vm.name" value="Java HotSpot(TM) Client VM"/>
    <property name="file.encoding.pkg" value="sun.io"/>
    <property name="user.country" value="CN"/>
    <property name="sun.java.launcher" value="SUN_STANDARD"/>
    <property name="sun.os.patch.level" value="Service Pack 1"/>
    <property name="java.vm.specification.name" value="Java Virtual Machine Specification"/>
    <property name="user.dir" value="D:\gitworkspace\brickmover\brickmover_reactor\brickmover"/>
    <property name="java.runtime.version" value="1.6.0_29-b11"/>
    <property name="java.awt.graphicsenv" value="sun.awt.Win32GraphicsEnvironment"/>
    <property name="basedir" value="D:\gitworkspace\brickmover\brickmover_reactor\brickmover"/>
    <property name="java.endorsed.dirs" value="C:\Program Files (x86)\Java\jdk1.6.0_29\jre\lib\endorsed"/>
    <property name="os.arch" value="x86"/>
    <property name="surefire.real.class.path" value="C:\Users\mingze.xmz\AppData\Local\Temp\surefirebooter7236184074648516776.jar"/>
    <property name="java.io.tmpdir" value="C:\Users\mingze.xmz\AppData\Local\Temp\"/>
    <property name="line.separator" value="
"/>
    <property name="java.vm.specification.vendor" value="Sun Microsystems Inc."/>
    <property name="user.variant" value=""/>
    <property name="os.name" value="Windows 7"/>
    <property name="sun.jnu.encoding" value="GBK"/>
    <property name="java.library.path" value="C:\Program Files (x86)\Java\jdk1.6.0_29\jre\bin;C:\windows\Sun\Java\bin;C:\windows\system32;C:\windows;C:\STAF\bin;C:\Program Files (x86)\PHP\;C:\windows\system32;C:\windows;C:\windows\System32\Wbem;C:\windows\System32\WindowsPowerShell\v1.0\;C:\Program Files (x86)\Java\jdk1.6.0_29/bin;C:\Program Files (x86)\Java\maven-2.2.1/bin;C:\Program Files (x86)\instantclient_11_2/bin;C:\Program Files (x86)\Intel\OpenCL SDK\3.0\bin\x86;C:\Program Files (x86)\Intel\OpenCL SDK\3.0\bin\x64;C:\Program Files\TortoiseSVN\bin;d:\cloudengine-3.2.4.1\bin;C:\Go\bin;C:\Program Files (x86)\scala\bin;c:\Python27;C:\Program Files (x86)\phantomjs-1.9.7;C:\Program Files (x86)\instantclient_11_2;c:\Ora10InstantClient;C:\Program Files (x86)\IDM Computer Solutions\UltraEdit\;C:\Users\mingze.xmz\AppData\Local\Apps\cURL\bin;."/>
    <property name="surefire.test.class.path" value="D:\gitworkspace\brickmover\brickmover_reactor\brickmover\target\test-classes;D:\gitworkspace\brickmover\brickmover_reactor\brickmover\target\classes;D:\repository\junit\junit\3.8.1\junit-3.8.1.jar;D:\repository\org\projectreactor\reactor-tcp\1.1.0.M1\reactor-tcp-1.1.0.M1.jar;D:\repository\io\netty\netty-all\4.0.11.Final\netty-all-4.0.11.Final.jar;D:\repository\org\projectreactor\reactor-core\1.1.0.M1\reactor-core-1.1.0.M1.jar;D:\repository\com\lmax\disruptor\3.2.0\disruptor-3.2.0.jar;D:\repository\org\slf4j\slf4j-api\1.7.5\slf4j-api-1.7.5.jar;"/>
    <property name="java.specification.name" value="Java Platform API Specification"/>
    <property name="java.class.version" value="50.0"/>
    <property name="sun.management.compiler" value="HotSpot Client Compiler"/>
    <property name="os.version" value="6.1"/>
    <property name="user.home" value="C:\Users\mingze.xmz"/>
    <property name="user.timezone" value=""/>
    <property name="java.awt.printerjob" value="sun.awt.windows.WPrinterJob"/>
    <property name="java.specification.version" value="1.6"/>
    <property name="file.encoding" value="GBK"/>
    <property name="user.name" value="mingze.xmz"/>
    <property name="java.class.path" value="D:\gitworkspace\brickmover\brickmover_reactor\brickmover\target\test-classes;D:\gitworkspace\brickmover\brickmover_reactor\brickmover\target\classes;D:\repository\junit\junit\3.8.1\junit-3.8.1.jar;D:\repository\org\projectreactor\reactor-tcp\1.1.0.M1\reactor-tcp-1.1.0.M1.jar;D:\repository\io\netty\netty-all\4.0.11.Final\netty-all-4.0.11.Final.jar;D:\repository\org\projectreactor\reactor-core\1.1.0.M1\reactor-core-1.1.0.M1.jar;D:\repository\com\lmax\disruptor\3.2.0\disruptor-3.2.0.jar;D:\repository\org\slf4j\slf4j-api\1.7.5\slf4j-api-1.7.5.jar;"/>
    <property name="java.vm.specification.version" value="1.0"/>
    <property name="sun.arch.data.model" value="32"/>
    <property name="java.home" value="C:\Program Files (x86)\Java\jdk1.6.0_29\jre"/>
    <property name="sun.java.command" value="C:\Users\mingze.xmz\AppData\Local\Temp\surefirebooter7236184074648516776.jar C:\Users\mingze.xmz\AppData\Local\Temp\surefire8100908368435587308tmp C:\Users\mingze.xmz\AppData\Local\Temp\surefire5507426055115489917tmp"/>
    <property name="java.specification.vendor" value="Sun Microsystems Inc."/>
    <property name="user.language" value="zh"/>
    <property name="awt.toolkit" value="sun.awt.windows.WToolkit"/>
    <property name="java.vm.info" value="mixed mode, sharing"/>
    <property name="java.version" value="1.6.0_29"/>
    <property name="java.ext.dirs" value="C:\Program Files (x86)\Java\jdk1.6.0_29\jre\lib\ext;C:\windows\Sun\Java\lib\ext"/>
    <property name="sun.boot.class.path" value="C:\Program Files (x86)\Java\jdk1.6.0_29\jre\lib\resources.jar;C:\Program Files (x86)\Java\jdk1.6.0_29\jre\lib\rt.jar;C:\Program Files (x86)\Java\jdk1.6.0_29\jre\lib\sunrsasign.jar;C:\Program Files (x86)\Java\jdk1.6.0_29\jre\lib\jsse.jar;C:\Program Files (x86)\Java\jdk1.6.0_29\jre\lib\jce.jar;C:\Program Files (x86)\Java\jdk1.6.0_29\jre\lib\charsets.jar;C:\Program Files (x86)\Java\jdk1.6.0_29\jre\lib\modules\jdk.boot.jar;C:\Program Files (x86)\Java\jdk1.6.0_29\jre\classes"/>
    <property name="java.vendor" value="Sun Microsystems Inc."/>
    <property name="localRepository" value="D:/repository"/>
    <property name="file.separator" value="\"/>
    <property name="java.vendor.url.bug" value="http://java.sun.com/cgi-bin/bugreport.cgi"/>
    <property name="sun.cpu.endian" value="little"/>
    <property name="sun.io.unicode.encoding" value="UnicodeLittle"/>
    <property name="sun.desktop" value="windows"/>
    <property name="sun.cpu.isalist" value="pentium_pro+mmx pentium_pro pentium+mmx pentium i486 i386 i86"/>
  </properties>
  <testcase time="0.002" classname="com.alipay.middleware.reactor.AppTest" name="testApp"/>
</testsuite>